<?xml version="1.0" encoding="UTF-8"?>
<!-- Generated by org.testng.reporters.JUnitReportReporter -->
<testsuite hostname="puruc2879" failures="0" tests="5" name="testannotation.testngannotations" time="0.032" errors="0" timestamp="2020-08-31T12:21:52 IST" skipped="0">
  <testcase classname="testannotation.testngannotations" name="testdata" time="0.012"/>
  <system-out/>
  <testcase classname="testannotation.testngannotations" name="testdata2" time="0.005"/>
  <system-out/>
  <testcase classname="testannotation.testngannotations" name="testdata3" time="0.002"/>
  <system-out/>
  <testcase classname="testannotation.testngannotations" name="testdata4" time="0.010"/>
  <system-out/>
  <testcase classname="testannotation.testngannotations" name="testdata5" time="0.003"/>
  <system-out/>
</testsuite> <!-- testannotation.testngannotations -->
