<?xml version="1.0" encoding="UTF-8"?>
<!-- Generated by org.testng.reporters.JUnitReportReporter -->
<testsuite hostname="puruc2879" failures="0" tests="1" name="testannotation.testngannotations" time="0.008" errors="0" timestamp="2020-08-27T12:44:42 IST" skipped="0">
  <testcase classname="testannotation.testngannotations" name="testdata" time="0.008"/>
  <system-out/>
</testsuite> <!-- testannotation.testngannotations -->
